D:\AREAER\P1296-AREAER\LTI.IMF.Web\dist\out-tsc\e2e\app.po.js
D:\AREAER\P1296-AREAER\LTI.IMF.Web\dist\out-tsc\e2e\app.po.js.map
D:\AREAER\P1296-AREAER\LTI.IMF.Web\dist\out-tsc\e2e\app.e2e-spec.js
D:\AREAER\P1296-AREAER\LTI.IMF.Web\dist\out-tsc\e2e\app.e2e-spec.js.map
D:\AREAER\P1296-AREAER\LTI.IMF.Web\dist\out-tsc\src\app\shared\menu-items\menu-items.js
D:\AREAER\P1296-AREAER\LTI.IMF.Web\dist\out-tsc\src\app\shared\menu-items\menu-items.js.map
D:\AREAER\P1296-AREAER\LTI.IMF.Web\dist\out-tsc\src\app\services\importProcess.service.js
D:\AREAER\P1296-AREAER\LTI.IMF.Web\dist\out-tsc\src\app\services\importProcess.service.js.map
D:\AREAER\P1296-AREAER\LTI.IMF.Web\dist\out-tsc\src\app\pages\common\confirm.component.js
D:\AREAER\P1296-AREAER\LTI.IMF.Web\dist\out-tsc\src\app\pages\common\confirm.component.js.map
D:\AREAER\P1296-AREAER\LTI.IMF.Web\dist\out-tsc\src\app\services\alert.service.js
D:\AREAER\P1296-AREAER\LTI.IMF.Web\dist\out-tsc\src\app\services\alert.service.js.map
D:\AREAER\P1296-AREAER\LTI.IMF.Web\dist\out-tsc\src\environments\environment.js
D:\AREAER\P1296-AREAER\LTI.IMF.Web\dist\out-tsc\src\environments\environment.js.map
D:\AREAER\P1296-AREAER\LTI.IMF.Web\dist\out-tsc\src\app\services\dashboard.service.js
D:\AREAER\P1296-AREAER\LTI.IMF.Web\dist\out-tsc\src\app\services\dashboard.service.js.map
D:\AREAER\P1296-AREAER\LTI.IMF.Web\dist\out-tsc\src\app\pages\dashboard\dashboard.component.js
D:\AREAER\P1296-AREAER\LTI.IMF.Web\dist\out-tsc\src\app\pages\dashboard\dashboard.component.js.map
D:\AREAER\P1296-AREAER\LTI.IMF.Web\dist\out-tsc\src\app\layouts\sidebar\sidebar.component.js
D:\AREAER\P1296-AREAER\LTI.IMF.Web\dist\out-tsc\src\app\layouts\sidebar\sidebar.component.js.map
D:\AREAER\P1296-AREAER\LTI.IMF.Web\dist\out-tsc\src\app\layouts\full.component.js
D:\AREAER\P1296-AREAER\LTI.IMF.Web\dist\out-tsc\src\app\layouts\full.component.js.map
D:\AREAER\P1296-AREAER\LTI.IMF.Web\dist\out-tsc\src\app\app.routing.module.js
D:\AREAER\P1296-AREAER\LTI.IMF.Web\dist\out-tsc\src\app\app.routing.module.js.map
D:\AREAER\P1296-AREAER\LTI.IMF.Web\dist\out-tsc\src\app\app.component.js
D:\AREAER\P1296-AREAER\LTI.IMF.Web\dist\out-tsc\src\app\app.component.js.map
D:\AREAER\P1296-AREAER\LTI.IMF.Web\dist\out-tsc\src\app\material-module.js
D:\AREAER\P1296-AREAER\LTI.IMF.Web\dist\out-tsc\src\app\material-module.js.map
D:\AREAER\P1296-AREAER\LTI.IMF.Web\dist\out-tsc\src\app\shared\accordion\accordion.directive.js
D:\AREAER\P1296-AREAER\LTI.IMF.Web\dist\out-tsc\src\app\shared\accordion\accordion.directive.js.map
D:\AREAER\P1296-AREAER\LTI.IMF.Web\dist\out-tsc\src\app\shared\accordion\accordionlink.directive.js
D:\AREAER\P1296-AREAER\LTI.IMF.Web\dist\out-tsc\src\app\shared\accordion\accordionlink.directive.js.map
D:\AREAER\P1296-AREAER\LTI.IMF.Web\dist\out-tsc\src\app\shared\accordion\accordionanchor.directive.js
D:\AREAER\P1296-AREAER\LTI.IMF.Web\dist\out-tsc\src\app\shared\accordion\accordionanchor.directive.js.map
D:\AREAER\P1296-AREAER\LTI.IMF.Web\dist\out-tsc\src\app\shared\accordion\index.js
D:\AREAER\P1296-AREAER\LTI.IMF.Web\dist\out-tsc\src\app\shared\accordion\index.js.map
D:\AREAER\P1296-AREAER\LTI.IMF.Web\dist\out-tsc\src\app\shared\shared.module.js
D:\AREAER\P1296-AREAER\LTI.IMF.Web\dist\out-tsc\src\app\shared\shared.module.js.map
D:\AREAER\P1296-AREAER\LTI.IMF.Web\dist\out-tsc\src\app\shared\spinner.component.js
D:\AREAER\P1296-AREAER\LTI.IMF.Web\dist\out-tsc\src\app\shared\spinner.component.js.map
D:\AREAER\P1296-AREAER\LTI.IMF.Web\dist\out-tsc\src\app\app.module.js
D:\AREAER\P1296-AREAER\LTI.IMF.Web\dist\out-tsc\src\app\app.module.js.map
D:\AREAER\P1296-AREAER\LTI.IMF.Web\dist\out-tsc\src\main.js
D:\AREAER\P1296-AREAER\LTI.IMF.Web\dist\out-tsc\src\main.js.map
D:\AREAER\P1296-AREAER\LTI.IMF.Web\dist\out-tsc\src\polyfills.js
D:\AREAER\P1296-AREAER\LTI.IMF.Web\dist\out-tsc\src\polyfills.js.map
D:\AREAER\P1296-AREAER\LTI.IMF.Web\dist\out-tsc\src\test.js
D:\AREAER\P1296-AREAER\LTI.IMF.Web\dist\out-tsc\src\test.js.map
D:\AREAER\P1296-AREAER\LTI.IMF.Web\dist\out-tsc\src\app\app.component.spec.js
D:\AREAER\P1296-AREAER\LTI.IMF.Web\dist\out-tsc\src\app\app.component.spec.js.map
D:\AREAER\P1296-AREAER\LTI.IMF.Web\dist\out-tsc\src\environments\environment.prod.js
D:\AREAER\P1296-AREAER\LTI.IMF.Web\dist\out-tsc\src\environments\environment.prod.js.map
D:\AREAER\P1296-AREAER\LTI.IMF.Web\dist\out-tsc\src\app\Models\Column.js
D:\AREAER\P1296-AREAER\LTI.IMF.Web\dist\out-tsc\src\app\Models\Column.js.map
D:\AREAER\P1296-AREAER\LTI.IMF.Web\dist\out-tsc\src\app\Models\Country.js
D:\AREAER\P1296-AREAER\LTI.IMF.Web\dist\out-tsc\src\app\Models\Country.js.map
D:\AREAER\P1296-AREAER\LTI.IMF.Web\dist\out-tsc\src\app\Models\full-report.js
D:\AREAER\P1296-AREAER\LTI.IMF.Web\dist\out-tsc\src\app\Models\full-report.js.map
D:\AREAER\P1296-AREAER\LTI.IMF.Web\dist\out-tsc\src\app\Models\myKeyValue.js
D:\AREAER\P1296-AREAER\LTI.IMF.Web\dist\out-tsc\src\app\Models\myKeyValue.js.map
D:\AREAER\P1296-AREAER\LTI.IMF.Web\dist\out-tsc\src\app\Models\PeriodicElement.js
D:\AREAER\P1296-AREAER\LTI.IMF.Web\dist\out-tsc\src\app\Models\PeriodicElement.js.map
D:\AREAER\P1296-AREAER\LTI.IMF.Web\dist\out-tsc\src\app\pages\pages.component.js
D:\AREAER\P1296-AREAER\LTI.IMF.Web\dist\out-tsc\src\app\pages\pages.component.js.map
D:\AREAER\P1296-AREAER\LTI.IMF.Web\dist\out-tsc\src\app\services\userProfile.service.js
D:\AREAER\P1296-AREAER\LTI.IMF.Web\dist\out-tsc\src\app\services\userProfile.service.js.map
D:\AREAER\P1296-AREAER\LTI.IMF.Web\dist\out-tsc\src\app\pages\userProfile\addUserProfile.component.js
D:\AREAER\P1296-AREAER\LTI.IMF.Web\dist\out-tsc\src\app\pages\userProfile\addUserProfile.component.js.map
D:\AREAER\P1296-AREAER\LTI.IMF.Web\dist\out-tsc\src\app\pages\userProfile\userProfile.component.js
D:\AREAER\P1296-AREAER\LTI.IMF.Web\dist\out-tsc\src\app\pages\userProfile\userProfile.component.js.map
D:\AREAER\P1296-AREAER\LTI.IMF.Web\dist\out-tsc\src\app\pages\importProcess\importProcess.component.js
D:\AREAER\P1296-AREAER\LTI.IMF.Web\dist\out-tsc\src\app\pages\importProcess\importProcess.component.js.map
D:\AREAER\P1296-AREAER\LTI.IMF.Web\dist\out-tsc\src\app\pages\common\accessDenied.component.js
D:\AREAER\P1296-AREAER\LTI.IMF.Web\dist\out-tsc\src\app\pages\common\accessDenied.component.js.map
D:\AREAER\P1296-AREAER\LTI.IMF.Web\dist\out-tsc\src\app\services\MasterData.service.js
D:\AREAER\P1296-AREAER\LTI.IMF.Web\dist\out-tsc\src\app\services\MasterData.service.js.map
D:\AREAER\P1296-AREAER\LTI.IMF.Web\dist\out-tsc\src\app\pages\Reports\full-report\full-report.component.js
D:\AREAER\P1296-AREAER\LTI.IMF.Web\dist\out-tsc\src\app\pages\Reports\full-report\full-report.component.js.map
D:\AREAER\P1296-AREAER\LTI.IMF.Web\dist\out-tsc\src\app\pages\pages-routing.module.js
D:\AREAER\P1296-AREAER\LTI.IMF.Web\dist\out-tsc\src\app\pages\pages-routing.module.js.map
D:\AREAER\P1296-AREAER\LTI.IMF.Web\dist\out-tsc\src\app\services\logDetail.service.js
D:\AREAER\P1296-AREAER\LTI.IMF.Web\dist\out-tsc\src\app\services\logDetail.service.js.map
D:\AREAER\P1296-AREAER\LTI.IMF.Web\dist\out-tsc\src\app\pages\dashboard\addLog.component.js
D:\AREAER\P1296-AREAER\LTI.IMF.Web\dist\out-tsc\src\app\pages\dashboard\addLog.component.js.map
D:\AREAER\P1296-AREAER\LTI.IMF.Web\dist\out-tsc\src\app\pages\pages.module.js
D:\AREAER\P1296-AREAER\LTI.IMF.Web\dist\out-tsc\src\app\pages\pages.module.js.map
D:\AREAER\P1296-AREAER\LTI.IMF.Web\dist\out-tsc\src\app\services\authentication.service.js
D:\AREAER\P1296-AREAER\LTI.IMF.Web\dist\out-tsc\src\app\services\authentication.service.js.map
D:\AREAER\P1296-AREAER\LTI.IMF.Web\dist\out-tsc\src\app\services\dashboard-data-service.service.js
D:\AREAER\P1296-AREAER\LTI.IMF.Web\dist\out-tsc\src\app\services\dashboard-data-service.service.js.map
D:\AREAER\P1296-AREAER\LTI.IMF.Web\dist\out-tsc\src\app\pages\Reports\full-report\full-report.component.spec.js
D:\AREAER\P1296-AREAER\LTI.IMF.Web\dist\out-tsc\src\app\pages\Reports\full-report\full-report.component.spec.js.map
